<?xml version="1.0" encoding="UTF-8"?>
<testng-results skipped="0" failed="0" ignored="0" total="1" passed="1">
  <reporter-output>
  </reporter-output>
  <suite name="Default suite" duration-ms="40793" started-at="2019-10-7T09:26:02Z" finished-at="2019-10-7T09:26:43Z">
    <groups>
    </groups>
    <test name="Default test" duration-ms="40793" started-at="2019-10-7T09:26:02Z" finished-at="2019-10-7T09:26:43Z">
      <class name="com.qa.tests.DemoTest">
        <test-method status="PASS" signature="testA()[pri:0, instance:com.qa.tests.DemoTest@6e0e048a]" name="testA" duration-ms="40764" started-at="2019-10-7T09:26:02Z" finished-at="2019-10-7T09:26:43Z">
          <reporter-output>
          </reporter-output>
        </test-method> <!-- testA -->
      </class> <!-- com.qa.tests.DemoTest -->
    </test> <!-- Default test -->
  </suite> <!-- Default suite -->
</testng-results>
